<?xml version="1.0" encoding="UTF-8" ?>
<testsuite failures="0" time="0.542" errors="0" skipped="0" tests="14" name="org.springframework.samples.mvc.convert.ConvertControllerTests">
  <properties>
    <property name="java.vendor" value="Oracle Corporation"/>
    <property name="JOB_NAME" value="soner_project"/>
    <property name="sun.java.launcher" value="SUN_STANDARD"/>
    <property name="NUMBER_OF_PROCESSORS" value="2"/>
    <property name="sun.management.compiler" value="HotSpot Client Compiler"/>
    <property name="JENKINS_HOME" value="C:\Program Files (x86)\Jenkins"/>
    <property name="HUDSON_SERVER_COOKIE" value="ae35194e9e58b565"/>
    <property name="POM_ARTIFACTID" value="spring-mvc-showcase"/>
    <property name="os.name" value="Windows 8"/>
    <property name="sun.boot.class.path" value="C:\Program Files (x86)\Jenkins\jre\lib\resources.jar;C:\Program Files (x86)\Jenkins\jre\lib\rt.jar;C:\Program Files (x86)\Jenkins\jre\lib\sunrsasign.jar;C:\Program Files (x86)\Jenkins\jre\lib\jsse.jar;C:\Program Files (x86)\Jenkins\jre\lib\jce.jar;C:\Program Files (x86)\Jenkins\jre\lib\charsets.jar;C:\Program Files (x86)\Jenkins\jre\lib\jfr.jar;C:\Program Files (x86)\Jenkins\jre\classes"/>
    <property name="EXECUTOR_NUMBER" value="1"/>
    <property name="sun.desktop" value="windows"/>
    <property name="PATHEXT" value=".COM;.EXE;.BAT;.CMD;.VBS;.VBE;.JS;.JSE;.WSF;.WSH;.MSC"/>
    <property name="java.vm.specification.vendor" value="Oracle Corporation"/>
    <property name="POM_DISPLAYNAME" value="spring-mvc-showcase"/>
    <property name="NODE_LABELS" value="master"/>
    <property name="TEMP" value="C:\Windows\TEMP"/>
    <property name="java.runtime.version" value="1.7.0_25-b17"/>
    <property name="user.name" value="VIKASY$"/>
    <property name="guice.disable.misplaced.annotation.check" value="true"/>
    <property name="CommonProgramW6432" value="C:\Program Files\Common Files"/>
    <property name="ProgramFiles" value="C:\Program Files (x86)"/>
    <property name="user.language" value="en"/>
    <property name="BUILD_DISPLAY_NAME" value="#2"/>
    <property name="sun.boot.library.path" value="C:\Program Files (x86)\Jenkins\jre\bin"/>
    <property name="LOCALAPPDATA" value="C:\Windows\system32\config\systemprofile\AppData\Local"/>
    <property name="java.version" value="1.7.0_25"/>
    <property name="PROCESSOR_LEVEL" value="16"/>
    <property name="user.timezone" value="Asia/Calcutta"/>
    <property name="USERNAME" value="VIKASY$"/>
    <property name="sun.arch.data.model" value="32"/>
    <property name="NODE_NAME" value="master"/>
    <property name="PROCESSOR_ARCHITEW6432" value="AMD64"/>
    <property name="java.endorsed.dirs" value="C:\Program Files (x86)\Jenkins\jre\lib\endorsed"/>
    <property name="BUILD_ID" value="2015-01-06_13-55-39"/>
    <property name="sun.cpu.isalist" value=""/>
    <property name="sun.jnu.encoding" value="Cp1252"/>
    <property name="file.encoding.pkg" value="sun.io"/>
    <property name="file.separator" value="\"/>
    <property name="java.specification.name" value="Java Platform API Specification"/>
    <property name="java.class.version" value="51.0"/>
    <property name="user.country" value="US"/>
    <property name="ALLUSERSPROFILE" value="C:\ProgramData"/>
    <property name="java.home" value="C:\Program Files (x86)\Jenkins\jre"/>
    <property name="java.vm.info" value="mixed mode"/>
    <property name="os.version" value="6.2"/>
    <property name="POM_VERSION" value="1.0.0-BUILD-SNAPSHOT"/>
    <property name="TMP" value="C:\Windows\TEMP"/>
    <property name="path.separator" value=";"/>
    <property name="java.vm.version" value="23.25-b01"/>
    <property name="user.variant" value=""/>
    <property name="GIT_PREVIOUS_COMMIT" value="fc93fd01eb621a05e2fc7bea9169a303f4cfdbe3"/>
    <property name="CommonProgramFiles(x86)" value="C:\Program Files (x86)\Common Files"/>
    <property name="java.awt.printerjob" value="sun.awt.windows.WPrinterJob"/>
    <property name="FP_NO_HOST_CHECK" value="NO"/>
    <property name="JAVA_HOME" value="C:\Program Files\Java\jdk1.7.0_65"/>
    <property name="sun.io.unicode.encoding" value="UnicodeLittle"/>
    <property name="CommonProgramFiles" value="C:\Program Files (x86)\Common Files"/>
    <property name="ComSpec" value="C:\Windows\system32\cmd.exe"/>
    <property name="awt.toolkit" value="sun.awt.windows.WToolkit"/>
    <property name="POM_PACKAGING" value="war"/>
    <property name="SERVICE_ID" value="jenkins"/>
    <property name="COMPUTERNAME" value="VIKASY"/>
    <property name="user.script" value=""/>
    <property name="POM_GROUPID" value="org.springframework.samples"/>
    <property name="PUBLIC" value="C:\Users\Public"/>
    <property name="user.home" value="C:\Windows\System32\config\systemprofile"/>
    <property name="BUILD_TAG" value="jenkins-soner_project-2"/>
    <property name="JENKINS_SERVER_COOKIE" value="ae35194e9e58b565"/>
    <property name="HUDSON_URL" value="http://172.27.59.96:8081/"/>
    <property name="ProgramData" value="C:\ProgramData"/>
    <property name="java.specification.vendor" value="Oracle Corporation"/>
    <property name="USERPROFILE" value="C:\Windows\system32\config\systemprofile"/>
    <property name="CLASSPATH" value=""/>
    <property name="java.vendor.url" value="http://java.oracle.com/"/>
    <property name="java.library.path" value="C:\Program Files (x86)\Jenkins\jre\bin;C:\Windows\Sun\Java\bin;C:\Windows\system32;C:\Windows;C:\Users\vikasy\Desktop\apache-maven-3.0.4/bin;C:\Windows\system32;C:\Windows;C:\Windows\System32\Wbem;C:\Windows\System32\WindowsPowerShell\v1.0\;C:\Program Files\MySQL\MySQL Server 5.5\bin;C:\Program Files\Java\jdk1.7.0_65\bin;;."/>
    <property name="java.vm.vendor" value="Oracle Corporation"/>
    <property name="APPDATA" value="C:\Windows\system32\config\systemprofile\AppData\Roaming"/>
    <property name="java.runtime.name" value="Java(TM) SE Runtime Environment"/>
    <property name="maven.home" value="C:\Users\vikasy\Desktop\apache-maven-3.0.4"/>
    <property name="java.class.path" value="C:\Program Files (x86)\Jenkins\plugins\maven-plugin\WEB-INF\lib\maven3-agent-1.4.jar;C:\Users\vikasy\Desktop\apache-maven-3.0.4\boot\plexus-classworlds-2.4.jar"/>
    <property name="sun.java.command" value="org.jvnet.hudson.maven3.agent.Maven3Main C:\Users\vikasy\Desktop\apache-maven-3.0.4 C:\Program Files (x86)\Jenkins\war\WEB-INF\lib\remoting-2.40.jar C:\Program Files (x86)\Jenkins\plugins\maven-plugin\WEB-INF\lib\maven3-interceptor-1.4.jar C:\Program Files (x86)\Jenkins\plugins\maven-plugin\WEB-INF\lib\maven3-interceptor-commons-1.4.jar 51640"/>
    <property name="Path" value="C:\Windows\system32;C:\Windows;C:\Windows\System32\Wbem;C:\Windows\System32\WindowsPowerShell\v1.0\;C:\Program Files\MySQL\MySQL Server 5.5\bin;C:\Program Files\Java\jdk1.7.0_65\bin;"/>
    <property name="java.vm.specification.name" value="Java Virtual Machine Specification"/>
    <property name="PROCESSOR_ARCHITECTURE" value="x86"/>
    <property name="PROCESSOR_IDENTIFIER" value="AMD64 Family 16 Model 6 Stepping 3, AuthenticAMD"/>
    <property name="java.vm.specification.version" value="1.7"/>
    <property name="sun.os.patch.level" value=""/>
    <property name="sun.cpu.endian" value="little"/>
    <property name="M2_HOME" value="C:\Users\vikasy\Desktop\apache-maven-3.0.4"/>
    <property name="java.io.tmpdir" value="C:\Windows\TEMP\"/>
    <property name="OS" value="Windows_NT"/>
    <property name="HUDSON_HOME" value="C:\Program Files (x86)\Jenkins"/>
    <property name="PATH+MAVEN" value="C:\Users\vikasy\Desktop\apache-maven-3.0.4/bin"/>
    <property name="ProgramFiles(x86)" value="C:\Program Files (x86)"/>
    <property name="BUILD_URL" value="http://172.27.59.96:8081/job/soner_project/2/"/>
    <property name="java.vendor.url.bug" value="http://bugreport.sun.com/bugreport/"/>
    <property name="java.awt.graphicsenv" value="sun.awt.Win32GraphicsEnvironment"/>
    <property name="os.arch" value="x86"/>
    <property name="SystemRoot" value="C:\Windows"/>
    <property name="java.ext.dirs" value="C:\Program Files (x86)\Jenkins\jre\lib\ext;C:\Windows\Sun\Java\lib\ext"/>
    <property name="user.dir" value="C:\Program Files (x86)\Jenkins\jobs\soner_project\workspace"/>
    <property name="JOB_URL" value="http://172.27.59.96:8081/job/soner_project/"/>
    <property name="USERDOMAIN" value="CYBAGE"/>
    <property name="line.separator" value="
"/>
    <property name="MAVEN_HOME" value="C:\Users\vikasy\Desktop\apache-maven-3.0.4"/>
    <property name="java.vm.name" value="Java HotSpot(TM) Client VM"/>
    <property name="BUILD_NUMBER" value="2"/>
    <property name="BASE" value="C:\Program Files (x86)\Jenkins"/>
    <property name="JENKINS_URL" value="http://172.27.59.96:8081/"/>
    <property name="PROCESSOR_REVISION" value="0603"/>
    <property name="GIT_BRANCH" value="origin/master"/>
    <property name="UATDATA" value="C:\Windows\CCM\UATData\D9F8C395-CAB8-491d-B8AC-179A1FE1BE77"/>
    <property name="ProgramW6432" value="C:\Program Files"/>
    <property name="windir" value="C:\Windows"/>
    <property name="GIT_COMMIT" value="fc93fd01eb621a05e2fc7bea9169a303f4cfdbe3"/>
    <property name="file.encoding" value="Cp1252"/>
    <property name="SystemDrive" value="C:"/>
    <property name="maven3.interceptor" value="C:\Program Files (x86)\Jenkins\plugins\maven-plugin\WEB-INF\lib\maven3-interceptor-1.4.jar"/>
    <property name="WORKSPACE" value="C:\Program Files (x86)\Jenkins\jobs\soner_project\workspace"/>
    <property name="maven3.interceptor.common" value="C:\Program Files (x86)\Jenkins\plugins\maven-plugin\WEB-INF\lib\maven3-interceptor-commons-1.4.jar"/>
    <property name="WINSW_EXECUTABLE" value="C:\Program Files (x86)\Jenkins\jenkins.exe"/>
    <property name="java.specification.version" value="1.7"/>
    <property name="PSModulePath" value="C:\Windows\system32\WindowsPowerShell\v1.0\Modules\"/>
    <property name="GIT_URL" value="https://github.com/spring-projects/spring-mvc-showcase.git"/>
  </properties>
  <testcase time="0.093" classname="org.springframework.samples.mvc.convert.ConvertControllerTests" name="beanCollection"/>
  <testcase time="0.03" classname="org.springframework.samples.mvc.convert.ConvertControllerTests" name="primitive"/>
  <testcase time="0.032" classname="org.springframework.samples.mvc.convert.ConvertControllerTests" name="collection"/>
  <testcase time="0.028" classname="org.springframework.samples.mvc.convert.ConvertControllerTests" name="beanMasked"/>
  <testcase time="0.033" classname="org.springframework.samples.mvc.convert.ConvertControllerTests" name="beanNested"/>
  <testcase time="0.026" classname="org.springframework.samples.mvc.convert.ConvertControllerTests" name="custom"/>
  <testcase time="0.03" classname="org.springframework.samples.mvc.convert.ConvertControllerTests" name="beanPrimitive"/>
  <testcase time="0.096" classname="org.springframework.samples.mvc.convert.ConvertControllerTests" name="formattedCollection"/>
  <testcase time="0.028" classname="org.springframework.samples.mvc.convert.ConvertControllerTests" name="beanFormattedCollection"/>
  <testcase time="0.03" classname="org.springframework.samples.mvc.convert.ConvertControllerTests" name="beanMap"/>
  <testcase time="0.028" classname="org.springframework.samples.mvc.convert.ConvertControllerTests" name="date"/>
  <testcase time="0.034" classname="org.springframework.samples.mvc.convert.ConvertControllerTests" name="valueOf"/>
  <testcase time="0.025" classname="org.springframework.samples.mvc.convert.ConvertControllerTests" name="beanDate"/>
  <testcase time="0.029" classname="org.springframework.samples.mvc.convert.ConvertControllerTests" name="collection2"/>
</testsuite>